<?xml version="1.0" encoding="UTF-8"?>
<!-- Generated by org.testng.reporters.JUnitReportReporter -->
<testsuite hostname="Irinas-Mac-mini.local" failures="0" tests="1" name="ua.hillel.test.mvnTest.MvnTest" time="0.005" errors="0" timestamp="2022-01-04T19:05:00 EET" skipped="0">
  <testcase classname="ua.hillel.test.mvnTest.MvnTest" name="mvnTest" time="0.005"/>
  <system-out/>
</testsuite> <!-- ua.hillel.test.mvnTest.MvnTest -->
