<?xml version="1.0" encoding="UTF-8"?>
<!-- Generated by org.testng.reporters.JUnitReportReporter -->
<testsuite hostname="Irinas-Mac-mini.local" failures="0" tests="1" name="hillel.test.mvnTest.MvnTest" time="0.008" errors="0" timestamp="2021-12-17T18:06:26 EET" skipped="0">
  <testcase classname="hillel.test.mvnTest.MvnTest" name="mbnTest" time="0.008"/>
  <system-out/>
</testsuite> <!-- hillel.test.mvnTest.MvnTest -->
